<?xml version="1.0" encoding="UTF-8"?>
<!-- Generated by org.testng.reporters.JUnitReportReporter -->
<testsuite hostname="DESKTOP-123KBRR" failures="0" tests="1" name="com.myntrajio.RegisterTest.RegisterTest" time="9.736" errors="0" timestamp="2024-09-03T15:42:03 IST" skipped="0">
  <testcase classname="com.myntrajio.RegisterTest.RegisterTest" name="registerValidData" time="9.736"/>
  <system-out>
    <![CDATA[register with valid data success]]>
  </system-out>
</testsuite> <!-- com.myntrajio.RegisterTest.RegisterTest -->
